2018-02-28 23:38:40,529 INFO WPFCalendarKotowski.ViewModel.CalendarViewModel - Filling callendar with day has been prepared 
2018-02-28 23:38:40,621 INFO WPFCalendarKotowski.ViewModel.CalendarViewModel - Day list has been changed 
2018-02-28 23:38:40,624 INFO WPFCalendarKotowski.ViewModel.CalendarViewModel - Reloading days has been done 
2018-02-28 23:38:40,659 INFO WPFCalendarKotowski.ViewModel.CalendarViewModel - Window for adding new event has been created 
2018-02-28 23:38:45,063 INFO WPFCalendarKotowski.ViewModel.CalendarViewModel - Editing new event command has been being started 
2018-02-28 23:38:45,321 INFO WPFCalendarKotowski.ViewModel.CalendarViewModel - Adding the event have been succeded 
2018-02-28 23:38:45,341 INFO WPFCalendarKotowski.ViewModel.CalendarViewModel - Filling callendar with day has been prepared 
2018-02-28 23:38:45,348 INFO WPFCalendarKotowski.ViewModel.CalendarViewModel - Day list has been changed 
2018-02-28 23:38:45,350 INFO WPFCalendarKotowski.ViewModel.CalendarViewModel - Reloading days has been done 
2018-02-28 23:38:45,350 INFO WPFCalendarKotowski.ViewModel.CalendarViewModel - Editing or deleting option have been chosen 
2018-02-28 23:38:46,910 INFO WPFCalendarKotowski.ViewModel.CalendarViewModel - New event has been selected 
2018-02-28 23:38:46,910 INFO WPFCalendarKotowski.ViewModel.CalendarViewModel - New day has been selected 
2018-02-28 23:38:46,930 INFO WPFCalendarKotowski.ViewModel.CalendarViewModel - Filling callendar with day has been prepared 
2018-02-28 23:38:46,935 INFO WPFCalendarKotowski.ViewModel.CalendarViewModel - Day list has been changed 
2018-02-28 23:38:46,937 INFO WPFCalendarKotowski.ViewModel.CalendarViewModel - Reloading days has been done 
2018-02-28 23:38:46,962 INFO WPFCalendarKotowski.ViewModel.CalendarViewModel - Window for adding new event has been created 
2018-02-28 23:38:50,045 INFO WPFCalendarKotowski.ViewModel.CalendarViewModel - FontStyle has been changed 
2018-02-28 23:38:50,574 INFO WPFCalendarKotowski.ViewModel.CalendarViewModel - Editing new event command has been being started 
2018-02-28 23:38:50,607 INFO WPFCalendarKotowski.ViewModel.CalendarViewModel - Adding the event have been succeded 
2018-02-28 23:38:50,653 INFO WPFCalendarKotowski.ViewModel.CalendarViewModel - Filling callendar with day has been prepared 
2018-02-28 23:38:50,659 INFO WPFCalendarKotowski.ViewModel.CalendarViewModel - Day list has been changed 
2018-02-28 23:38:50,662 INFO WPFCalendarKotowski.ViewModel.CalendarViewModel - Reloading days has been done 
2018-02-28 23:38:50,662 INFO WPFCalendarKotowski.ViewModel.CalendarViewModel - Editing or deleting option have been chosen 
2018-02-28 23:38:51,973 INFO WPFCalendarKotowski.ViewModel.CalendarViewModel - New event has been selected 
2018-02-28 23:38:51,973 INFO WPFCalendarKotowski.ViewModel.CalendarViewModel - New day has been selected 
2018-02-28 23:38:51,986 INFO WPFCalendarKotowski.ViewModel.CalendarViewModel - Filling callendar with day has been prepared 
2018-02-28 23:38:51,991 INFO WPFCalendarKotowski.ViewModel.CalendarViewModel - Day list has been changed 
2018-02-28 23:38:51,993 INFO WPFCalendarKotowski.ViewModel.CalendarViewModel - Reloading days has been done 
2018-02-28 23:38:52,032 INFO WPFCalendarKotowski.ViewModel.CalendarViewModel - Window for adding new event has been created 
2018-02-28 23:38:54,478 INFO WPFCalendarKotowski.ViewModel.CalendarViewModel - FontStyle has been changed 
2018-02-28 23:38:54,839 INFO WPFCalendarKotowski.ViewModel.CalendarViewModel - Editing new event command has been being started 
2018-02-28 23:38:54,858 INFO WPFCalendarKotowski.ViewModel.CalendarViewModel - Adding the event have been succeded 
2018-02-28 23:38:54,880 INFO WPFCalendarKotowski.ViewModel.CalendarViewModel - Filling callendar with day has been prepared 
2018-02-28 23:38:54,885 INFO WPFCalendarKotowski.ViewModel.CalendarViewModel - Day list has been changed 
2018-02-28 23:38:54,888 INFO WPFCalendarKotowski.ViewModel.CalendarViewModel - Reloading days has been done 
2018-02-28 23:38:54,888 INFO WPFCalendarKotowski.ViewModel.CalendarViewModel - Editing or deleting option have been chosen 
2018-02-28 23:39:07,620 INFO WPFCalendarKotowski.ViewModel.CalendarViewModel - Initialization has been prepared 
2018-02-28 23:39:07,638 INFO WPFCalendarKotowski.ViewModel.CalendarViewModel - Color has been changed 
2018-02-28 23:39:07,638 INFO WPFCalendarKotowski.ViewModel.CalendarViewModel - FontStyle has been changed 
2018-02-28 23:39:07,638 INFO WPFCalendarKotowski.ViewModel.CalendarViewModel - FontStyle has been changed 
2018-02-28 23:39:07,642 INFO WPFCalendarKotowski.ViewModel.CalendarViewModel - Event list has been changed  
2018-02-28 23:39:13,594 INFO WPFCalendarKotowski.ViewModel.CalendarViewModel - Initialization of data prepared 
2018-02-28 23:39:14,250 INFO WPFCalendarKotowski.View.MainWindow - Main window has been loaded first time 
2018-02-28 23:39:14,251 INFO WPFCalendarKotowski.ViewModel.CalendarViewModel - Filling callendar with day has been prepared 
2018-02-28 23:39:14,252 INFO WPFCalendarKotowski.ViewModel.CalendarViewModel - Day list has been changed 
2018-02-28 23:39:14,256 INFO WPFCalendarKotowski.ViewModel.CalendarViewModel - Reloading days has been done 
2018-02-28 23:39:18,125 INFO WPFCalendarKotowski.ViewModel.CalendarViewModel - Window for calendar visual setting has been created 
2018-02-28 23:39:19,355 INFO WPFCalendarKotowski.ViewModel.CalendarViewModel - Color has been changed 
2018-02-28 23:39:19,355 INFO WPFCalendarKotowski.ViewModel.CalendarViewModel - FontStyle has been changed 
2018-02-28 23:39:19,914 INFO WPFCalendarKotowski.ViewModel.CalendarViewModel - Color has been changed 
2018-02-28 23:39:19,914 INFO WPFCalendarKotowski.ViewModel.CalendarViewModel - FontStyle has been changed 
2018-02-28 23:39:20,834 INFO WPFCalendarKotowski.ViewModel.CalendarViewModel - Color has been changed 
2018-02-28 23:39:20,834 INFO WPFCalendarKotowski.ViewModel.CalendarViewModel - FontStyle has been changed 
2018-02-28 23:39:21,634 INFO WPFCalendarKotowski.ViewModel.CalendarViewModel - Color has been changed 
2018-02-28 23:39:21,634 INFO WPFCalendarKotowski.ViewModel.CalendarViewModel - FontStyle has been changed 
2018-02-28 23:39:22,307 INFO WPFCalendarKotowski.ViewModel.CalendarViewModel - FontStyle has been changed 
2018-02-28 23:39:22,571 INFO WPFCalendarKotowski.ViewModel.CalendarViewModel - FontStyle has been changed 
2018-02-28 23:39:22,907 INFO WPFCalendarKotowski.ViewModel.CalendarViewModel - FontStyle has been changed 
2018-02-28 23:39:23,603 INFO WPFCalendarKotowski.ViewModel.CalendarViewModel - Color has been changed 
2018-02-28 23:39:23,603 INFO WPFCalendarKotowski.ViewModel.CalendarViewModel - FontStyle has been changed 
2018-02-28 23:39:26,315 INFO WPFCalendarKotowski.ViewModel.CalendarViewModel - New event has been selected 
2018-02-28 23:39:26,315 INFO WPFCalendarKotowski.ViewModel.CalendarViewModel - New day has been selected 
2018-02-28 23:39:26,315 INFO WPFCalendarKotowski.ViewModel.CalendarViewModel - New day has been selected 
2018-02-28 23:39:26,315 INFO WPFCalendarKotowski.ViewModel.CalendarViewModel - New event has been selected 
2018-02-28 23:39:26,344 INFO WPFCalendarKotowski.ViewModel.CalendarViewModel - Window for editing/deleting event has been created 
2018-02-28 23:39:26,433 INFO WPFCalendarKotowski.ViewModel.CalendarViewModel - Filling callendar with day has been prepared 
2018-02-28 23:39:26,440 INFO WPFCalendarKotowski.ViewModel.CalendarViewModel - Day list has been changed 
2018-02-28 23:39:26,442 INFO WPFCalendarKotowski.ViewModel.CalendarViewModel - Reloading days has been done 
2018-02-28 23:39:39,180 INFO WPFCalendarKotowski.ViewModel.CalendarViewModel - Adding new event command has been being started 
2018-02-28 23:39:39,499 INFO WPFCalendarKotowski.ViewModel.CalendarViewModel - Event list has been changed  
2018-02-28 23:39:39,499 INFO WPFCalendarKotowski.ViewModel.CalendarViewModel - Filling callendar with day has been prepared 
2018-02-28 23:39:39,510 INFO WPFCalendarKotowski.ViewModel.CalendarViewModel - Day list has been changed 
2018-02-28 23:39:39,514 INFO WPFCalendarKotowski.ViewModel.CalendarViewModel - Reloading days has been done 
2018-02-28 23:39:39,527 INFO WPFCalendarKotowski.ViewModel.CalendarViewModel - Adding new event have been succeded 
2018-02-28 23:39:39,558 INFO WPFCalendarKotowski.ViewModel.CalendarViewModel - Filling callendar with day has been prepared 
2018-02-28 23:39:39,563 INFO WPFCalendarKotowski.ViewModel.CalendarViewModel - Day list has been changed 
2018-02-28 23:39:39,565 INFO WPFCalendarKotowski.ViewModel.CalendarViewModel - Reloading days has been done 
2018-02-28 23:39:39,565 INFO WPFCalendarKotowski.ViewModel.CalendarViewModel - Event adding option option have been chosen 
2018-02-28 23:55:02,401 INFO WPFCalendarKotowski.ViewModel.CalendarViewModel - Initialization has been prepared 
2018-02-28 23:55:02,416 INFO WPFCalendarKotowski.ViewModel.CalendarViewModel - Color has been changed 
2018-02-28 23:55:02,416 INFO WPFCalendarKotowski.ViewModel.CalendarViewModel - FontStyle has been changed 
2018-02-28 23:55:02,417 INFO WPFCalendarKotowski.ViewModel.CalendarViewModel - FontStyle has been changed 
2018-02-28 23:55:02,419 INFO WPFCalendarKotowski.ViewModel.CalendarViewModel - Event list has been changed  
2018-02-28 23:55:47,075 INFO WPFCalendarKotowski.ViewModel.CalendarViewModel - Initialization has been prepared 
2018-02-28 23:55:47,109 INFO WPFCalendarKotowski.ViewModel.CalendarViewModel - Color has been changed 
2018-02-28 23:55:47,110 INFO WPFCalendarKotowski.ViewModel.CalendarViewModel - FontStyle has been changed 
2018-02-28 23:55:47,110 INFO WPFCalendarKotowski.ViewModel.CalendarViewModel - FontStyle has been changed 
2018-02-28 23:55:47,112 INFO WPFCalendarKotowski.ViewModel.CalendarViewModel - Event list has been changed  
2018-02-28 23:58:45,085 INFO WPFCalendarKotowski.ViewModel.CalendarViewModel - Initialization has been prepared 
2018-02-28 23:58:45,103 INFO WPFCalendarKotowski.ViewModel.CalendarViewModel - Color has been changed 
2018-02-28 23:58:45,104 INFO WPFCalendarKotowski.ViewModel.CalendarViewModel - FontStyle has been changed 
2018-02-28 23:58:45,104 INFO WPFCalendarKotowski.ViewModel.CalendarViewModel - FontStyle has been changed 
2018-02-28 23:58:45,106 INFO WPFCalendarKotowski.ViewModel.CalendarViewModel - Event list has been changed  
2018-03-01 00:04:18,544 INFO WPFCalendarKotowski.ViewModel.CalendarViewModel - Initialization has been prepared 
2018-03-01 00:04:18,559 INFO WPFCalendarKotowski.ViewModel.CalendarViewModel - Color has been changed 
2018-03-01 00:04:18,559 INFO WPFCalendarKotowski.ViewModel.CalendarViewModel - FontStyle has been changed 
2018-03-01 00:04:18,559 INFO WPFCalendarKotowski.ViewModel.CalendarViewModel - FontStyle has been changed 
2018-03-01 00:04:18,561 INFO WPFCalendarKotowski.ViewModel.CalendarViewModel - Event list has been changed  
2018-03-01 00:12:07,870 INFO WPFCalendarKotowski.ViewModel.CalendarViewModel - Initialization has been prepared 
2018-03-01 00:12:07,885 INFO WPFCalendarKotowski.ViewModel.CalendarViewModel - Color has been changed 
2018-03-01 00:12:07,885 INFO WPFCalendarKotowski.ViewModel.CalendarViewModel - FontStyle has been changed 
2018-03-01 00:12:07,885 INFO WPFCalendarKotowski.ViewModel.CalendarViewModel - FontStyle has been changed 
2018-03-01 00:12:07,888 INFO WPFCalendarKotowski.ViewModel.CalendarViewModel - Event list has been changed  
2018-03-01 00:21:10,030 INFO WPFCalendarKotowski.ViewModel.CalendarViewModel - Initialization has been prepared 
2018-03-01 00:21:10,046 INFO WPFCalendarKotowski.ViewModel.CalendarViewModel - Color has been changed 
2018-03-01 00:21:10,047 INFO WPFCalendarKotowski.ViewModel.CalendarViewModel - FontStyle has been changed 
2018-03-01 00:21:10,047 INFO WPFCalendarKotowski.ViewModel.CalendarViewModel - FontStyle has been changed 
2018-03-01 00:21:10,049 INFO WPFCalendarKotowski.ViewModel.CalendarViewModel - Event list has been changed  
2018-03-01 00:35:47,261 INFO WPFCalendarKotowski.ViewModel.CalendarViewModel - Initialization has been prepared 
2018-03-01 00:35:47,278 INFO WPFCalendarKotowski.ViewModel.CalendarViewModel - Color has been changed 
2018-03-01 00:35:47,278 INFO WPFCalendarKotowski.ViewModel.CalendarViewModel - FontStyle has been changed 
2018-03-01 00:35:47,279 INFO WPFCalendarKotowski.ViewModel.CalendarViewModel - FontStyle has been changed 
2018-03-01 00:35:47,281 INFO WPFCalendarKotowski.ViewModel.CalendarViewModel - Event list has been changed  
2018-03-01 00:35:59,518 INFO WPFCalendarKotowski.ViewModel.CalendarViewModel - Initialization has been prepared 
2018-03-01 00:35:59,538 INFO WPFCalendarKotowski.ViewModel.CalendarViewModel - Color has been changed 
2018-03-01 00:35:59,538 INFO WPFCalendarKotowski.ViewModel.CalendarViewModel - FontStyle has been changed 
2018-03-01 00:35:59,539 INFO WPFCalendarKotowski.ViewModel.CalendarViewModel - FontStyle has been changed 
2018-03-01 00:35:59,542 INFO WPFCalendarKotowski.ViewModel.CalendarViewModel - Event list has been changed  
2018-03-01 00:37:02,973 INFO WPFCalendarKotowski.ViewModel.CalendarViewModel - Initialization has been prepared 
2018-03-01 00:37:02,992 INFO WPFCalendarKotowski.ViewModel.CalendarViewModel - Color has been changed 
2018-03-01 00:37:02,993 INFO WPFCalendarKotowski.ViewModel.CalendarViewModel - FontStyle has been changed 
2018-03-01 00:37:02,993 INFO WPFCalendarKotowski.ViewModel.CalendarViewModel - FontStyle has been changed 
2018-03-01 00:37:02,996 INFO WPFCalendarKotowski.ViewModel.CalendarViewModel - Event list has been changed  
2018-03-01 00:40:07,250 INFO WPFCalendarKotowski.ViewModel.CalendarViewModel - Initialization has been prepared 
2018-03-01 00:40:07,274 INFO WPFCalendarKotowski.ViewModel.CalendarViewModel - Color has been changed 
2018-03-01 00:40:07,274 INFO WPFCalendarKotowski.ViewModel.CalendarViewModel - FontStyle has been changed 
2018-03-01 00:40:07,274 INFO WPFCalendarKotowski.ViewModel.CalendarViewModel - FontStyle has been changed 
2018-03-01 00:40:07,277 INFO WPFCalendarKotowski.ViewModel.CalendarViewModel - Event list has been changed  
2018-03-01 00:42:46,924 INFO WPFCalendarKotowski.ViewModel.CalendarViewModel - Initialization has been prepared 
2018-03-01 00:42:46,950 INFO WPFCalendarKotowski.ViewModel.CalendarViewModel - Color has been changed 
2018-03-01 00:42:46,950 INFO WPFCalendarKotowski.ViewModel.CalendarViewModel - FontStyle has been changed 
2018-03-01 00:42:46,951 INFO WPFCalendarKotowski.ViewModel.CalendarViewModel - FontStyle has been changed 
2018-03-01 00:42:46,953 INFO WPFCalendarKotowski.ViewModel.CalendarViewModel - Event list has been changed  
2018-03-01 00:49:14,502 INFO WPFCalendarKotowski.ViewModel.CalendarViewModel - Initialization has been prepared 
2018-03-01 00:49:14,522 INFO WPFCalendarKotowski.ViewModel.CalendarViewModel - Color has been changed 
2018-03-01 00:49:14,522 INFO WPFCalendarKotowski.ViewModel.CalendarViewModel - FontStyle has been changed 
2018-03-01 00:49:14,522 INFO WPFCalendarKotowski.ViewModel.CalendarViewModel - FontStyle has been changed 
2018-03-01 00:49:14,525 INFO WPFCalendarKotowski.ViewModel.CalendarViewModel - Event list has been changed  
2018-03-01 00:50:54,604 INFO WPFCalendarKotowski.ViewModel.CalendarViewModel - Initialization has been prepared 
2018-03-01 00:50:54,620 INFO WPFCalendarKotowski.ViewModel.CalendarViewModel - Color has been changed 
2018-03-01 00:50:54,620 INFO WPFCalendarKotowski.ViewModel.CalendarViewModel - FontStyle has been changed 
2018-03-01 00:50:54,620 INFO WPFCalendarKotowski.ViewModel.CalendarViewModel - FontStyle has been changed 
2018-03-01 00:50:54,623 INFO WPFCalendarKotowski.ViewModel.CalendarViewModel - Event list has been changed  
2018-03-01 00:56:34,869 INFO WPFCalendarKotowski.ViewModel.CalendarViewModel - Initialization has been prepared 
2018-03-01 00:56:34,886 INFO WPFCalendarKotowski.ViewModel.CalendarViewModel - Color has been changed 
2018-03-01 00:56:34,886 INFO WPFCalendarKotowski.ViewModel.CalendarViewModel - FontStyle has been changed 
2018-03-01 00:56:34,887 INFO WPFCalendarKotowski.ViewModel.CalendarViewModel - FontStyle has been changed 
2018-03-01 00:56:34,889 INFO WPFCalendarKotowski.ViewModel.CalendarViewModel - Event list has been changed  
2018-03-01 01:11:27,162 INFO WPFCalendarKotowski.ViewModel.CalendarViewModel - Initialization has been prepared 
2018-03-01 01:11:27,174 INFO WPFCalendarKotowski.ViewModel.CalendarViewModel - Color has been changed 
2018-03-01 01:11:27,174 INFO WPFCalendarKotowski.ViewModel.CalendarViewModel - FontStyle has been changed 
2018-03-01 01:11:27,174 INFO WPFCalendarKotowski.ViewModel.CalendarViewModel - FontStyle has been changed 
2018-03-01 01:11:27,176 INFO WPFCalendarKotowski.ViewModel.CalendarViewModel - Event list has been changed  
2018-03-01 01:13:49,134 INFO WPFCalendarKotowski.ViewModel.CalendarViewModel - Initialization has been prepared 
2018-03-01 01:13:49,146 INFO WPFCalendarKotowski.ViewModel.CalendarViewModel - Color has been changed 
2018-03-01 01:13:49,146 INFO WPFCalendarKotowski.ViewModel.CalendarViewModel - FontStyle has been changed 
2018-03-01 01:13:49,147 INFO WPFCalendarKotowski.ViewModel.CalendarViewModel - FontStyle has been changed 
2018-03-01 01:13:49,149 INFO WPFCalendarKotowski.ViewModel.CalendarViewModel - Event list has been changed  
2018-03-01 01:19:29,513 INFO WPFCalendarKotowski.ViewModel.CalendarViewModel - Initialization has been prepared 
2018-03-01 01:19:29,535 INFO WPFCalendarKotowski.ViewModel.CalendarViewModel - Color has been changed 
2018-03-01 01:19:29,536 INFO WPFCalendarKotowski.ViewModel.CalendarViewModel - FontStyle has been changed 
2018-03-01 01:19:29,536 INFO WPFCalendarKotowski.ViewModel.CalendarViewModel - FontStyle has been changed 
2018-03-01 01:19:29,538 INFO WPFCalendarKotowski.ViewModel.CalendarViewModel - Event list has been changed  
2018-03-01 01:19:35,320 INFO WPFCalendarKotowski.ViewModel.CalendarViewModel - Initialization of data prepared 
2018-03-01 01:19:35,990 INFO WPFCalendarKotowski.View.MainWindow - Main window has been loaded first time 
2018-03-01 01:19:35,991 INFO WPFCalendarKotowski.ViewModel.CalendarViewModel - Filling callendar with day has been prepared 
2018-03-01 01:19:36,006 INFO WPFCalendarKotowski.ViewModel.CalendarViewModel - Day list has been changed 
2018-03-01 01:19:36,010 INFO WPFCalendarKotowski.ViewModel.CalendarViewModel - Reloading days has been done 
2018-03-01 01:20:15,137 INFO WPFCalendarKotowski.ViewModel.CalendarViewModel - Initialization has been prepared 
2018-03-01 01:20:15,155 INFO WPFCalendarKotowski.ViewModel.CalendarViewModel - Color has been changed 
2018-03-01 01:20:15,156 INFO WPFCalendarKotowski.ViewModel.CalendarViewModel - FontStyle has been changed 
2018-03-01 01:20:15,156 INFO WPFCalendarKotowski.ViewModel.CalendarViewModel - FontStyle has been changed 
2018-03-01 01:20:15,159 INFO WPFCalendarKotowski.ViewModel.CalendarViewModel - Event list has been changed  
2018-03-01 01:20:19,868 INFO WPFCalendarKotowski.ViewModel.CalendarViewModel - Initialization of data prepared 
2018-03-01 01:20:20,290 INFO WPFCalendarKotowski.View.MainWindow - Main window has been loaded first time 
2018-03-01 01:20:20,292 INFO WPFCalendarKotowski.ViewModel.CalendarViewModel - Filling callendar with day has been prepared 
2018-03-01 01:20:20,293 INFO WPFCalendarKotowski.ViewModel.CalendarViewModel - Day list has been changed 
2018-03-01 01:20:20,313 INFO WPFCalendarKotowski.ViewModel.CalendarViewModel - Reloading days has been done 
2018-03-01 01:20:22,963 INFO WPFCalendarKotowski.ViewModel.CalendarViewModel - Filling callendar with day has been prepared 
2018-03-01 01:20:22,991 INFO WPFCalendarKotowski.ViewModel.CalendarViewModel - Day list has been changed 
2018-03-01 01:20:22,994 INFO WPFCalendarKotowski.ViewModel.CalendarViewModel - Reloading days has been done 
2018-03-01 01:20:22,994 INFO WPFCalendarKotowski.ViewModel.CalendarViewModel - Moving to previous week option have been chosen 
2018-03-01 01:20:24,894 INFO WPFCalendarKotowski.ViewModel.CalendarViewModel - Filling callendar with day has been prepared 
2018-03-01 01:20:24,899 INFO WPFCalendarKotowski.ViewModel.CalendarViewModel - Day list has been changed 
2018-03-01 01:20:24,902 INFO WPFCalendarKotowski.ViewModel.CalendarViewModel - Reloading days has been done 
2018-03-01 01:20:24,902 INFO WPFCalendarKotowski.ViewModel.CalendarViewModel - Moving to next week option have been chosen 
2018-03-01 01:20:25,772 INFO WPFCalendarKotowski.ViewModel.CalendarViewModel - Filling callendar with day has been prepared 
2018-03-01 01:20:25,776 INFO WPFCalendarKotowski.ViewModel.CalendarViewModel - Day list has been changed 
2018-03-01 01:20:25,779 INFO WPFCalendarKotowski.ViewModel.CalendarViewModel - Reloading days has been done 
2018-03-01 01:20:25,779 INFO WPFCalendarKotowski.ViewModel.CalendarViewModel - Moving to next week option have been chosen 
2018-03-01 01:20:26,003 INFO WPFCalendarKotowski.ViewModel.CalendarViewModel - Filling callendar with day has been prepared 
2018-03-01 01:20:26,007 INFO WPFCalendarKotowski.ViewModel.CalendarViewModel - Day list has been changed 
2018-03-01 01:20:26,011 INFO WPFCalendarKotowski.ViewModel.CalendarViewModel - Reloading days has been done 
2018-03-01 01:20:26,011 INFO WPFCalendarKotowski.ViewModel.CalendarViewModel - Moving to next week option have been chosen 
2018-03-01 01:20:26,464 INFO WPFCalendarKotowski.ViewModel.CalendarViewModel - Filling callendar with day has been prepared 
2018-03-01 01:20:26,468 INFO WPFCalendarKotowski.ViewModel.CalendarViewModel - Day list has been changed 
2018-03-01 01:20:26,471 INFO WPFCalendarKotowski.ViewModel.CalendarViewModel - Reloading days has been done 
2018-03-01 01:20:26,471 INFO WPFCalendarKotowski.ViewModel.CalendarViewModel - Moving to next week option have been chosen 
2018-03-01 01:20:26,892 INFO WPFCalendarKotowski.ViewModel.CalendarViewModel - Filling callendar with day has been prepared 
2018-03-01 01:20:26,897 INFO WPFCalendarKotowski.ViewModel.CalendarViewModel - Day list has been changed 
2018-03-01 01:20:26,900 INFO WPFCalendarKotowski.ViewModel.CalendarViewModel - Reloading days has been done 
2018-03-01 01:20:26,900 INFO WPFCalendarKotowski.ViewModel.CalendarViewModel - Moving to next week option have been chosen 
2018-03-01 01:20:27,018 INFO WPFCalendarKotowski.ViewModel.CalendarViewModel - Filling callendar with day has been prepared 
2018-03-01 01:20:27,021 INFO WPFCalendarKotowski.ViewModel.CalendarViewModel - Day list has been changed 
2018-03-01 01:20:27,023 INFO WPFCalendarKotowski.ViewModel.CalendarViewModel - Reloading days has been done 
2018-03-01 01:20:27,023 INFO WPFCalendarKotowski.ViewModel.CalendarViewModel - Moving to next week option have been chosen 
2018-03-01 01:20:27,225 INFO WPFCalendarKotowski.ViewModel.CalendarViewModel - Filling callendar with day has been prepared 
2018-03-01 01:20:27,229 INFO WPFCalendarKotowski.ViewModel.CalendarViewModel - Day list has been changed 
2018-03-01 01:20:27,241 INFO WPFCalendarKotowski.ViewModel.CalendarViewModel - Reloading days has been done 
2018-03-01 01:20:27,241 INFO WPFCalendarKotowski.ViewModel.CalendarViewModel - Moving to next week option have been chosen 
2018-03-01 01:20:27,400 INFO WPFCalendarKotowski.ViewModel.CalendarViewModel - Filling callendar with day has been prepared 
2018-03-01 01:20:27,404 INFO WPFCalendarKotowski.ViewModel.CalendarViewModel - Day list has been changed 
2018-03-01 01:20:27,407 INFO WPFCalendarKotowski.ViewModel.CalendarViewModel - Reloading days has been done 
2018-03-01 01:20:27,407 INFO WPFCalendarKotowski.ViewModel.CalendarViewModel - Moving to next week option have been chosen 
2018-03-01 01:20:27,592 INFO WPFCalendarKotowski.ViewModel.CalendarViewModel - Filling callendar with day has been prepared 
2018-03-01 01:20:27,597 INFO WPFCalendarKotowski.ViewModel.CalendarViewModel - Day list has been changed 
2018-03-01 01:20:27,599 INFO WPFCalendarKotowski.ViewModel.CalendarViewModel - Reloading days has been done 
2018-03-01 01:20:27,599 INFO WPFCalendarKotowski.ViewModel.CalendarViewModel - Moving to next week option have been chosen 
2018-03-01 01:20:27,786 INFO WPFCalendarKotowski.ViewModel.CalendarViewModel - Filling callendar with day has been prepared 
2018-03-01 01:20:27,790 INFO WPFCalendarKotowski.ViewModel.CalendarViewModel - Day list has been changed 
2018-03-01 01:20:27,793 INFO WPFCalendarKotowski.ViewModel.CalendarViewModel - Reloading days has been done 
2018-03-01 01:20:27,793 INFO WPFCalendarKotowski.ViewModel.CalendarViewModel - Moving to next week option have been chosen 
2018-03-01 01:20:27,993 INFO WPFCalendarKotowski.ViewModel.CalendarViewModel - Filling callendar with day has been prepared 
2018-03-01 01:20:27,997 INFO WPFCalendarKotowski.ViewModel.CalendarViewModel - Day list has been changed 
2018-03-01 01:20:28,000 INFO WPFCalendarKotowski.ViewModel.CalendarViewModel - Reloading days has been done 
2018-03-01 01:20:28,000 INFO WPFCalendarKotowski.ViewModel.CalendarViewModel - Moving to next week option have been chosen 
2018-03-01 01:20:28,208 INFO WPFCalendarKotowski.ViewModel.CalendarViewModel - Filling callendar with day has been prepared 
2018-03-01 01:20:28,213 INFO WPFCalendarKotowski.ViewModel.CalendarViewModel - Day list has been changed 
2018-03-01 01:20:28,215 INFO WPFCalendarKotowski.ViewModel.CalendarViewModel - Reloading days has been done 
2018-03-01 01:20:28,215 INFO WPFCalendarKotowski.ViewModel.CalendarViewModel - Moving to next week option have been chosen 
2018-03-01 01:20:28,385 INFO WPFCalendarKotowski.ViewModel.CalendarViewModel - Filling callendar with day has been prepared 
2018-03-01 01:20:28,389 INFO WPFCalendarKotowski.ViewModel.CalendarViewModel - Day list has been changed 
2018-03-01 01:20:28,391 INFO WPFCalendarKotowski.ViewModel.CalendarViewModel - Reloading days has been done 
2018-03-01 01:20:28,391 INFO WPFCalendarKotowski.ViewModel.CalendarViewModel - Moving to next week option have been chosen 
2018-03-01 01:20:28,583 INFO WPFCalendarKotowski.ViewModel.CalendarViewModel - Filling callendar with day has been prepared 
2018-03-01 01:20:28,587 INFO WPFCalendarKotowski.ViewModel.CalendarViewModel - Day list has been changed 
2018-03-01 01:20:28,590 INFO WPFCalendarKotowski.ViewModel.CalendarViewModel - Reloading days has been done 
2018-03-01 01:20:28,590 INFO WPFCalendarKotowski.ViewModel.CalendarViewModel - Moving to next week option have been chosen 
2018-03-01 01:20:28,949 INFO WPFCalendarKotowski.ViewModel.CalendarViewModel - Filling callendar with day has been prepared 
2018-03-01 01:20:28,953 INFO WPFCalendarKotowski.ViewModel.CalendarViewModel - Day list has been changed 
2018-03-01 01:20:28,956 INFO WPFCalendarKotowski.ViewModel.CalendarViewModel - Reloading days has been done 
2018-03-01 01:20:28,956 INFO WPFCalendarKotowski.ViewModel.CalendarViewModel - Moving to next week option have been chosen 
2018-03-01 01:20:29,155 INFO WPFCalendarKotowski.ViewModel.CalendarViewModel - Filling callendar with day has been prepared 
2018-03-01 01:20:29,159 INFO WPFCalendarKotowski.ViewModel.CalendarViewModel - Day list has been changed 
2018-03-01 01:20:29,162 INFO WPFCalendarKotowski.ViewModel.CalendarViewModel - Reloading days has been done 
2018-03-01 01:20:29,162 INFO WPFCalendarKotowski.ViewModel.CalendarViewModel - Moving to next week option have been chosen 
2018-03-01 01:20:29,379 INFO WPFCalendarKotowski.ViewModel.CalendarViewModel - Filling callendar with day has been prepared 
2018-03-01 01:20:29,383 INFO WPFCalendarKotowski.ViewModel.CalendarViewModel - Day list has been changed 
2018-03-01 01:20:29,394 INFO WPFCalendarKotowski.ViewModel.CalendarViewModel - Reloading days has been done 
2018-03-01 01:20:29,394 INFO WPFCalendarKotowski.ViewModel.CalendarViewModel - Moving to next week option have been chosen 
2018-03-01 01:20:29,613 INFO WPFCalendarKotowski.ViewModel.CalendarViewModel - Filling callendar with day has been prepared 
2018-03-01 01:20:29,617 INFO WPFCalendarKotowski.ViewModel.CalendarViewModel - Day list has been changed 
2018-03-01 01:20:29,619 INFO WPFCalendarKotowski.ViewModel.CalendarViewModel - Reloading days has been done 
2018-03-01 01:20:29,619 INFO WPFCalendarKotowski.ViewModel.CalendarViewModel - Moving to next week option have been chosen 
2018-03-01 01:20:29,822 INFO WPFCalendarKotowski.ViewModel.CalendarViewModel - Filling callendar with day has been prepared 
2018-03-01 01:20:29,825 INFO WPFCalendarKotowski.ViewModel.CalendarViewModel - Day list has been changed 
2018-03-01 01:20:29,828 INFO WPFCalendarKotowski.ViewModel.CalendarViewModel - Reloading days has been done 
2018-03-01 01:20:29,828 INFO WPFCalendarKotowski.ViewModel.CalendarViewModel - Moving to next week option have been chosen 
2018-03-01 01:20:30,008 INFO WPFCalendarKotowski.ViewModel.CalendarViewModel - Filling callendar with day has been prepared 
2018-03-01 01:20:30,013 INFO WPFCalendarKotowski.ViewModel.CalendarViewModel - Day list has been changed 
2018-03-01 01:20:30,016 INFO WPFCalendarKotowski.ViewModel.CalendarViewModel - Reloading days has been done 
2018-03-01 01:20:30,016 INFO WPFCalendarKotowski.ViewModel.CalendarViewModel - Moving to next week option have been chosen 
2018-03-01 01:20:30,206 INFO WPFCalendarKotowski.ViewModel.CalendarViewModel - Filling callendar with day has been prepared 
2018-03-01 01:20:30,210 INFO WPFCalendarKotowski.ViewModel.CalendarViewModel - Day list has been changed 
2018-03-01 01:20:30,213 INFO WPFCalendarKotowski.ViewModel.CalendarViewModel - Reloading days has been done 
2018-03-01 01:20:30,213 INFO WPFCalendarKotowski.ViewModel.CalendarViewModel - Moving to next week option have been chosen 
2018-03-01 01:20:30,418 INFO WPFCalendarKotowski.ViewModel.CalendarViewModel - Filling callendar with day has been prepared 
2018-03-01 01:20:30,433 INFO WPFCalendarKotowski.ViewModel.CalendarViewModel - Day list has been changed 
2018-03-01 01:20:30,436 INFO WPFCalendarKotowski.ViewModel.CalendarViewModel - Reloading days has been done 
2018-03-01 01:20:30,436 INFO WPFCalendarKotowski.ViewModel.CalendarViewModel - Moving to next week option have been chosen 
2018-03-01 01:20:30,599 INFO WPFCalendarKotowski.ViewModel.CalendarViewModel - Filling callendar with day has been prepared 
2018-03-01 01:20:30,603 INFO WPFCalendarKotowski.ViewModel.CalendarViewModel - Day list has been changed 
2018-03-01 01:20:30,606 INFO WPFCalendarKotowski.ViewModel.CalendarViewModel - Reloading days has been done 
2018-03-01 01:20:30,606 INFO WPFCalendarKotowski.ViewModel.CalendarViewModel - Moving to next week option have been chosen 
2018-03-01 01:20:30,820 INFO WPFCalendarKotowski.ViewModel.CalendarViewModel - Filling callendar with day has been prepared 
2018-03-01 01:20:30,825 INFO WPFCalendarKotowski.ViewModel.CalendarViewModel - Day list has been changed 
2018-03-01 01:20:30,827 INFO WPFCalendarKotowski.ViewModel.CalendarViewModel - Reloading days has been done 
2018-03-01 01:20:30,827 INFO WPFCalendarKotowski.ViewModel.CalendarViewModel - Moving to next week option have been chosen 
2018-03-01 01:20:31,024 INFO WPFCalendarKotowski.ViewModel.CalendarViewModel - Filling callendar with day has been prepared 
2018-03-01 01:20:31,028 INFO WPFCalendarKotowski.ViewModel.CalendarViewModel - Day list has been changed 
2018-03-01 01:20:31,038 INFO WPFCalendarKotowski.ViewModel.CalendarViewModel - Reloading days has been done 
2018-03-01 01:20:31,038 INFO WPFCalendarKotowski.ViewModel.CalendarViewModel - Moving to next week option have been chosen 
2018-03-01 01:20:31,249 INFO WPFCalendarKotowski.ViewModel.CalendarViewModel - Filling callendar with day has been prepared 
2018-03-01 01:20:31,253 INFO WPFCalendarKotowski.ViewModel.CalendarViewModel - Day list has been changed 
2018-03-01 01:20:31,256 INFO WPFCalendarKotowski.ViewModel.CalendarViewModel - Reloading days has been done 
2018-03-01 01:20:31,256 INFO WPFCalendarKotowski.ViewModel.CalendarViewModel - Moving to next week option have been chosen 
2018-03-01 01:20:31,398 INFO WPFCalendarKotowski.ViewModel.CalendarViewModel - Filling callendar with day has been prepared 
2018-03-01 01:20:31,402 INFO WPFCalendarKotowski.ViewModel.CalendarViewModel - Day list has been changed 
2018-03-01 01:20:31,404 INFO WPFCalendarKotowski.ViewModel.CalendarViewModel - Reloading days has been done 
2018-03-01 01:20:31,404 INFO WPFCalendarKotowski.ViewModel.CalendarViewModel - Moving to next week option have been chosen 
2018-03-01 01:20:31,605 INFO WPFCalendarKotowski.ViewModel.CalendarViewModel - Filling callendar with day has been prepared 
2018-03-01 01:20:31,610 INFO WPFCalendarKotowski.ViewModel.CalendarViewModel - Day list has been changed 
2018-03-01 01:20:31,613 INFO WPFCalendarKotowski.ViewModel.CalendarViewModel - Reloading days has been done 
2018-03-01 01:20:31,613 INFO WPFCalendarKotowski.ViewModel.CalendarViewModel - Moving to next week option have been chosen 
2018-03-01 01:20:31,786 INFO WPFCalendarKotowski.ViewModel.CalendarViewModel - Filling callendar with day has been prepared 
2018-03-01 01:20:31,789 INFO WPFCalendarKotowski.ViewModel.CalendarViewModel - Day list has been changed 
2018-03-01 01:20:31,791 INFO WPFCalendarKotowski.ViewModel.CalendarViewModel - Reloading days has been done 
2018-03-01 01:20:31,791 INFO WPFCalendarKotowski.ViewModel.CalendarViewModel - Moving to next week option have been chosen 
2018-03-01 01:20:31,997 INFO WPFCalendarKotowski.ViewModel.CalendarViewModel - Filling callendar with day has been prepared 
2018-03-01 01:20:32,002 INFO WPFCalendarKotowski.ViewModel.CalendarViewModel - Day list has been changed 
2018-03-01 01:20:32,004 INFO WPFCalendarKotowski.ViewModel.CalendarViewModel - Reloading days has been done 
2018-03-01 01:20:32,004 INFO WPFCalendarKotowski.ViewModel.CalendarViewModel - Moving to next week option have been chosen 
2018-03-01 01:20:32,178 INFO WPFCalendarKotowski.ViewModel.CalendarViewModel - Filling callendar with day has been prepared 
2018-03-01 01:20:32,182 INFO WPFCalendarKotowski.ViewModel.CalendarViewModel - Day list has been changed 
2018-03-01 01:20:32,185 INFO WPFCalendarKotowski.ViewModel.CalendarViewModel - Reloading days has been done 
2018-03-01 01:20:32,185 INFO WPFCalendarKotowski.ViewModel.CalendarViewModel - Moving to next week option have been chosen 
2018-03-01 01:20:32,370 INFO WPFCalendarKotowski.ViewModel.CalendarViewModel - Filling callendar with day has been prepared 
2018-03-01 01:20:32,375 INFO WPFCalendarKotowski.ViewModel.CalendarViewModel - Day list has been changed 
2018-03-01 01:20:32,377 INFO WPFCalendarKotowski.ViewModel.CalendarViewModel - Reloading days has been done 
2018-03-01 01:20:32,378 INFO WPFCalendarKotowski.ViewModel.CalendarViewModel - Moving to next week option have been chosen 
2018-03-01 01:20:32,787 INFO WPFCalendarKotowski.ViewModel.CalendarViewModel - Filling callendar with day has been prepared 
2018-03-01 01:20:32,791 INFO WPFCalendarKotowski.ViewModel.CalendarViewModel - Day list has been changed 
2018-03-01 01:20:32,802 INFO WPFCalendarKotowski.ViewModel.CalendarViewModel - Reloading days has been done 
2018-03-01 01:20:32,802 INFO WPFCalendarKotowski.ViewModel.CalendarViewModel - Moving to next week option have been chosen 
2018-03-01 01:20:32,955 INFO WPFCalendarKotowski.ViewModel.CalendarViewModel - Filling callendar with day has been prepared 
2018-03-01 01:20:32,958 INFO WPFCalendarKotowski.ViewModel.CalendarViewModel - Day list has been changed 
2018-03-01 01:20:32,966 INFO WPFCalendarKotowski.ViewModel.CalendarViewModel - Reloading days has been done 
2018-03-01 01:20:32,966 INFO WPFCalendarKotowski.ViewModel.CalendarViewModel - Moving to next week option have been chosen 
2018-03-01 01:20:33,162 INFO WPFCalendarKotowski.ViewModel.CalendarViewModel - Filling callendar with day has been prepared 
2018-03-01 01:20:33,166 INFO WPFCalendarKotowski.ViewModel.CalendarViewModel - Day list has been changed 
2018-03-01 01:20:33,168 INFO WPFCalendarKotowski.ViewModel.CalendarViewModel - Reloading days has been done 
2018-03-01 01:20:33,168 INFO WPFCalendarKotowski.ViewModel.CalendarViewModel - Moving to next week option have been chosen 
2018-03-01 01:20:33,376 INFO WPFCalendarKotowski.ViewModel.CalendarViewModel - Filling callendar with day has been prepared 
2018-03-01 01:20:33,380 INFO WPFCalendarKotowski.ViewModel.CalendarViewModel - Day list has been changed 
2018-03-01 01:20:33,382 INFO WPFCalendarKotowski.ViewModel.CalendarViewModel - Reloading days has been done 
2018-03-01 01:20:33,382 INFO WPFCalendarKotowski.ViewModel.CalendarViewModel - Moving to next week option have been chosen 
2018-03-01 01:20:33,626 INFO WPFCalendarKotowski.ViewModel.CalendarViewModel - Filling callendar with day has been prepared 
2018-03-01 01:20:33,631 INFO WPFCalendarKotowski.ViewModel.CalendarViewModel - Day list has been changed 
2018-03-01 01:20:33,634 INFO WPFCalendarKotowski.ViewModel.CalendarViewModel - Reloading days has been done 
2018-03-01 01:20:33,634 INFO WPFCalendarKotowski.ViewModel.CalendarViewModel - Moving to next week option have been chosen 
2018-03-01 01:20:33,834 INFO WPFCalendarKotowski.ViewModel.CalendarViewModel - Filling callendar with day has been prepared 
2018-03-01 01:20:33,838 INFO WPFCalendarKotowski.ViewModel.CalendarViewModel - Day list has been changed 
2018-03-01 01:20:33,841 INFO WPFCalendarKotowski.ViewModel.CalendarViewModel - Reloading days has been done 
2018-03-01 01:20:33,841 INFO WPFCalendarKotowski.ViewModel.CalendarViewModel - Moving to next week option have been chosen 
2018-03-01 01:20:34,026 INFO WPFCalendarKotowski.ViewModel.CalendarViewModel - Filling callendar with day has been prepared 
2018-03-01 01:20:34,030 INFO WPFCalendarKotowski.ViewModel.CalendarViewModel - Day list has been changed 
2018-03-01 01:20:34,033 INFO WPFCalendarKotowski.ViewModel.CalendarViewModel - Reloading days has been done 
2018-03-01 01:20:34,033 INFO WPFCalendarKotowski.ViewModel.CalendarViewModel - Moving to next week option have been chosen 
2018-03-01 01:20:34,249 INFO WPFCalendarKotowski.ViewModel.CalendarViewModel - Filling callendar with day has been prepared 
2018-03-01 01:20:34,252 INFO WPFCalendarKotowski.ViewModel.CalendarViewModel - Day list has been changed 
2018-03-01 01:20:34,255 INFO WPFCalendarKotowski.ViewModel.CalendarViewModel - Reloading days has been done 
2018-03-01 01:20:34,255 INFO WPFCalendarKotowski.ViewModel.CalendarViewModel - Moving to next week option have been chosen 
2018-03-01 01:20:34,451 INFO WPFCalendarKotowski.ViewModel.CalendarViewModel - Filling callendar with day has been prepared 
2018-03-01 01:20:34,454 INFO WPFCalendarKotowski.ViewModel.CalendarViewModel - Day list has been changed 
2018-03-01 01:20:34,456 INFO WPFCalendarKotowski.ViewModel.CalendarViewModel - Reloading days has been done 
2018-03-01 01:20:34,456 INFO WPFCalendarKotowski.ViewModel.CalendarViewModel - Moving to next week option have been chosen 
2018-03-01 01:20:34,651 INFO WPFCalendarKotowski.ViewModel.CalendarViewModel - Filling callendar with day has been prepared 
2018-03-01 01:20:34,655 INFO WPFCalendarKotowski.ViewModel.CalendarViewModel - Day list has been changed 
2018-03-01 01:20:34,656 INFO WPFCalendarKotowski.ViewModel.CalendarViewModel - Reloading days has been done 
2018-03-01 01:20:34,657 INFO WPFCalendarKotowski.ViewModel.CalendarViewModel - Moving to next week option have been chosen 
2018-03-01 01:20:34,842 INFO WPFCalendarKotowski.ViewModel.CalendarViewModel - Filling callendar with day has been prepared 
2018-03-01 01:20:34,847 INFO WPFCalendarKotowski.ViewModel.CalendarViewModel - Day list has been changed 
2018-03-01 01:20:34,849 INFO WPFCalendarKotowski.ViewModel.CalendarViewModel - Reloading days has been done 
2018-03-01 01:20:34,849 INFO WPFCalendarKotowski.ViewModel.CalendarViewModel - Moving to next week option have been chosen 
2018-03-01 01:20:35,019 INFO WPFCalendarKotowski.ViewModel.CalendarViewModel - Filling callendar with day has been prepared 
2018-03-01 01:20:35,023 INFO WPFCalendarKotowski.ViewModel.CalendarViewModel - Day list has been changed 
2018-03-01 01:20:35,026 INFO WPFCalendarKotowski.ViewModel.CalendarViewModel - Reloading days has been done 
2018-03-01 01:20:35,026 INFO WPFCalendarKotowski.ViewModel.CalendarViewModel - Moving to next week option have been chosen 
2018-03-01 01:20:35,226 INFO WPFCalendarKotowski.ViewModel.CalendarViewModel - Filling callendar with day has been prepared 
2018-03-01 01:20:35,230 INFO WPFCalendarKotowski.ViewModel.CalendarViewModel - Day list has been changed 
2018-03-01 01:20:35,232 INFO WPFCalendarKotowski.ViewModel.CalendarViewModel - Reloading days has been done 
2018-03-01 01:20:35,233 INFO WPFCalendarKotowski.ViewModel.CalendarViewModel - Moving to next week option have been chosen 
2018-03-01 01:20:35,457 INFO WPFCalendarKotowski.ViewModel.CalendarViewModel - Filling callendar with day has been prepared 
2018-03-01 01:20:35,462 INFO WPFCalendarKotowski.ViewModel.CalendarViewModel - Day list has been changed 
2018-03-01 01:20:35,465 INFO WPFCalendarKotowski.ViewModel.CalendarViewModel - Reloading days has been done 
2018-03-01 01:20:35,465 INFO WPFCalendarKotowski.ViewModel.CalendarViewModel - Moving to next week option have been chosen 
2018-03-01 01:20:35,693 INFO WPFCalendarKotowski.ViewModel.CalendarViewModel - Filling callendar with day has been prepared 
2018-03-01 01:20:35,697 INFO WPFCalendarKotowski.ViewModel.CalendarViewModel - Day list has been changed 
2018-03-01 01:20:35,699 INFO WPFCalendarKotowski.ViewModel.CalendarViewModel - Reloading days has been done 
2018-03-01 01:20:35,700 INFO WPFCalendarKotowski.ViewModel.CalendarViewModel - Moving to next week option have been chosen 
2018-03-01 01:20:35,923 INFO WPFCalendarKotowski.ViewModel.CalendarViewModel - Filling callendar with day has been prepared 
2018-03-01 01:20:35,927 INFO WPFCalendarKotowski.ViewModel.CalendarViewModel - Day list has been changed 
2018-03-01 01:20:35,930 INFO WPFCalendarKotowski.ViewModel.CalendarViewModel - Reloading days has been done 
2018-03-01 01:20:35,930 INFO WPFCalendarKotowski.ViewModel.CalendarViewModel - Moving to next week option have been chosen 
2018-03-01 01:20:36,192 INFO WPFCalendarKotowski.ViewModel.CalendarViewModel - Filling callendar with day has been prepared 
2018-03-01 01:20:36,199 INFO WPFCalendarKotowski.ViewModel.CalendarViewModel - Day list has been changed 
2018-03-01 01:20:36,202 INFO WPFCalendarKotowski.ViewModel.CalendarViewModel - Reloading days has been done 
2018-03-01 01:20:36,202 INFO WPFCalendarKotowski.ViewModel.CalendarViewModel - Moving to next week option have been chosen 
2018-03-01 01:20:37,786 INFO WPFCalendarKotowski.ViewModel.CalendarViewModel - Filling callendar with day has been prepared 
2018-03-01 01:20:37,791 INFO WPFCalendarKotowski.ViewModel.CalendarViewModel - Day list has been changed 
2018-03-01 01:20:37,794 INFO WPFCalendarKotowski.ViewModel.CalendarViewModel - Reloading days has been done 
2018-03-01 01:20:37,794 INFO WPFCalendarKotowski.ViewModel.CalendarViewModel - Moving to previous week option have been chosen 
2018-03-01 01:20:38,215 INFO WPFCalendarKotowski.ViewModel.CalendarViewModel - Filling callendar with day has been prepared 
2018-03-01 01:20:38,219 INFO WPFCalendarKotowski.ViewModel.CalendarViewModel - Day list has been changed 
2018-03-01 01:20:38,222 INFO WPFCalendarKotowski.ViewModel.CalendarViewModel - Reloading days has been done 
2018-03-01 01:20:38,222 INFO WPFCalendarKotowski.ViewModel.CalendarViewModel - Moving to previous week option have been chosen 
2018-03-01 01:20:38,596 INFO WPFCalendarKotowski.ViewModel.CalendarViewModel - Filling callendar with day has been prepared 
2018-03-01 01:20:38,599 INFO WPFCalendarKotowski.ViewModel.CalendarViewModel - Day list has been changed 
2018-03-01 01:20:38,601 INFO WPFCalendarKotowski.ViewModel.CalendarViewModel - Reloading days has been done 
2018-03-01 01:20:38,601 INFO WPFCalendarKotowski.ViewModel.CalendarViewModel - Moving to previous week option have been chosen 
2018-03-01 01:20:39,715 INFO WPFCalendarKotowski.ViewModel.CalendarViewModel - Filling callendar with day has been prepared 
2018-03-01 01:20:39,718 INFO WPFCalendarKotowski.ViewModel.CalendarViewModel - Day list has been changed 
2018-03-01 01:20:39,720 INFO WPFCalendarKotowski.ViewModel.CalendarViewModel - Reloading days has been done 
2018-03-01 01:20:39,720 INFO WPFCalendarKotowski.ViewModel.CalendarViewModel - Moving to previous week option have been chosen 
2018-03-01 01:35:51,478 INFO WPFCalendarKotowski.ViewModel.CalendarViewModel - Initialization has been prepared 
2018-03-01 01:35:51,504 INFO WPFCalendarKotowski.ViewModel.CalendarViewModel - Color has been changed 
2018-03-01 01:35:51,504 INFO WPFCalendarKotowski.ViewModel.CalendarViewModel - FontStyle has been changed 
2018-03-01 01:35:51,504 INFO WPFCalendarKotowski.ViewModel.CalendarViewModel - FontStyle has been changed 
2018-03-01 01:35:51,507 INFO WPFCalendarKotowski.ViewModel.CalendarViewModel - Event list has been changed  
2018-03-01 01:35:55,692 INFO WPFCalendarKotowski.ViewModel.CalendarViewModel - Initialization of data prepared 
2018-03-01 01:35:56,102 INFO WPFCalendarKotowski.View.MainWindow - Main window has been loaded first time 
2018-03-01 01:35:56,104 INFO WPFCalendarKotowski.ViewModel.CalendarViewModel - Filling callendar with day has been prepared 
2018-03-01 01:35:56,106 INFO WPFCalendarKotowski.ViewModel.CalendarViewModel - Day list has been changed 
2018-03-01 01:35:56,152 INFO WPFCalendarKotowski.ViewModel.CalendarViewModel - Reloading days has been done 
2018-03-01 01:35:57,695 INFO WPFCalendarKotowski.ViewModel.CalendarViewModel - New event has been selected 
2018-03-01 01:35:57,695 INFO WPFCalendarKotowski.ViewModel.CalendarViewModel - New day has been selected 
2018-03-01 01:35:57,730 INFO WPFCalendarKotowski.ViewModel.CalendarViewModel - Filling callendar with day has been prepared 
2018-03-01 01:35:57,739 INFO WPFCalendarKotowski.ViewModel.CalendarViewModel - Day list has been changed 
2018-03-01 01:35:57,741 INFO WPFCalendarKotowski.ViewModel.CalendarViewModel - Reloading days has been done 
2018-03-01 01:35:57,785 INFO WPFCalendarKotowski.ViewModel.CalendarViewModel - Window for adding new event has been created 
2018-03-01 01:36:02,663 INFO WPFCalendarKotowski.ViewModel.CalendarViewModel - Editing or deleting option have been chosen 
2018-03-01 02:00:09,982 INFO WPFCalendarKotowski.ViewModel.CalendarViewModel - Initialization has been prepared 
2018-03-01 02:00:09,998 INFO WPFCalendarKotowski.ViewModel.CalendarViewModel - Color has been changed 
2018-03-01 02:00:09,998 INFO WPFCalendarKotowski.ViewModel.CalendarViewModel - FontStyle has been changed 
2018-03-01 02:00:09,998 INFO WPFCalendarKotowski.ViewModel.CalendarViewModel - FontStyle has been changed 
2018-03-01 02:00:10,014 INFO WPFCalendarKotowski.ViewModel.CalendarViewModel - Event list has been changed  
2018-03-01 02:00:21,932 INFO WPFCalendarKotowski.ViewModel.CalendarViewModel - Initialization of data prepared 
2018-03-01 02:00:22,302 INFO WPFCalendarKotowski.View.MainWindow - Main window has been loaded first time 
2018-03-01 02:00:22,302 INFO WPFCalendarKotowski.ViewModel.CalendarViewModel - Filling callendar with day has been prepared 
2018-03-01 02:00:22,302 INFO WPFCalendarKotowski.ViewModel.CalendarViewModel - Day list has been changed 
2018-03-01 02:00:22,302 INFO WPFCalendarKotowski.ViewModel.CalendarViewModel - Reloading days has been done 
2018-03-01 02:00:57,076 INFO WPFCalendarKotowski.ViewModel.CalendarViewModel - Window for calendar visual setting has been created 
2018-03-01 02:01:00,967 INFO WPFCalendarKotowski.ViewModel.CalendarViewModel - Color has been changed 
2018-03-01 02:01:00,967 INFO WPFCalendarKotowski.ViewModel.CalendarViewModel - FontStyle has been changed 
2018-03-01 02:01:01,623 INFO WPFCalendarKotowski.ViewModel.CalendarViewModel - Color has been changed 
2018-03-01 02:01:01,623 INFO WPFCalendarKotowski.ViewModel.CalendarViewModel - FontStyle has been changed 
2018-03-01 02:01:02,134 INFO WPFCalendarKotowski.ViewModel.CalendarViewModel - Color has been changed 
2018-03-01 02:01:02,134 INFO WPFCalendarKotowski.ViewModel.CalendarViewModel - FontStyle has been changed 
2018-03-01 02:01:02,782 INFO WPFCalendarKotowski.ViewModel.CalendarViewModel - Color has been changed 
2018-03-01 02:01:02,782 INFO WPFCalendarKotowski.ViewModel.CalendarViewModel - FontStyle has been changed 
2018-03-01 02:01:03,270 INFO WPFCalendarKotowski.ViewModel.CalendarViewModel - Color has been changed 
2018-03-01 02:01:03,271 INFO WPFCalendarKotowski.ViewModel.CalendarViewModel - FontStyle has been changed 
